<?xml version="1.0" encoding="UTF-8"?>
<testsuite xmlns:xsi="http://www.w3.org/2001/XMLSchema-instance" xsi:noNamespaceSchemaLocation="https://maven.apache.org/surefire/maven-surefire-plugin/xsd/surefire-test-report.xsd" name="hibiscus.cetide.app.CodeGenerateTest" time="3.616" tests="2" errors="0" skipped="0" failures="0">
  <properties>
    <property name="java.specification.version" value="21"/>
    <property name="sun.cpu.isalist" value="amd64"/>
    <property name="sun.jnu.encoding" value="GBK"/>
    <property name="java.class.path" value="C:\Users\Lenovo\Desktop\test\hibiscus\target\test-classes;C:\Users\Lenovo\Desktop\test\hibiscus\target\classes;D:\nginx\apache-maven-3.6.1-bin\apache-maven-3.6.1\mvn_repo\org\apache\commons\commons-lang3\3.12.0\commons-lang3-3.12.0.jar;D:\nginx\apache-maven-3.6.1-bin\apache-maven-3.6.1\mvn_repo\org\springframework\boot\spring-boot-starter-freemarker\2.7.3\spring-boot-starter-freemarker-2.7.3.jar;D:\nginx\apache-maven-3.6.1-bin\apache-maven-3.6.1\mvn_repo\org\freemarker\freemarker\2.3.31\freemarker-2.3.31.jar;D:\nginx\apache-maven-3.6.1-bin\apache-maven-3.6.1\mvn_repo\org\springframework\spring-context-support\5.3.22\spring-context-support-5.3.22.jar;D:\nginx\apache-maven-3.6.1-bin\apache-maven-3.6.1\mvn_repo\org\springframework\spring-beans\5.3.22\spring-beans-5.3.22.jar;D:\nginx\apache-maven-3.6.1-bin\apache-maven-3.6.1\mvn_repo\org\springframework\spring-context\5.3.22\spring-context-5.3.22.jar;D:\nginx\apache-maven-3.6.1-bin\apache-maven-3.6.1\mvn_repo\org\postgresql\postgresql\42.2.23\postgresql-42.2.23.jar;D:\nginx\apache-maven-3.6.1-bin\apache-maven-3.6.1\mvn_repo\org\checkerframework\checker-qual\3.5.0\checker-qual-3.5.0.jar;D:\nginx\apache-maven-3.6.1-bin\apache-maven-3.6.1\mvn_repo\mysql\mysql-connector-java\8.0.26\mysql-connector-java-8.0.26.jar;D:\nginx\apache-maven-3.6.1-bin\apache-maven-3.6.1\mvn_repo\com\oracle\database\jdbc\ojdbc8\19.8.0.0\ojdbc8-19.8.0.0.jar;D:\nginx\apache-maven-3.6.1-bin\apache-maven-3.6.1\mvn_repo\javax\xml\bind\jaxb-api\2.3.1\jaxb-api-2.3.1.jar;D:\nginx\apache-maven-3.6.1-bin\apache-maven-3.6.1\mvn_repo\javax\activation\javax.activation-api\1.2.0\javax.activation-api-1.2.0.jar;D:\nginx\apache-maven-3.6.1-bin\apache-maven-3.6.1\mvn_repo\com\sun\xml\bind\jaxb-core\2.3.0.1\jaxb-core-2.3.0.1.jar;D:\nginx\apache-maven-3.6.1-bin\apache-maven-3.6.1\mvn_repo\com\sun\xml\bind\jaxb-impl\2.3.1\jaxb-impl-2.3.1.jar;D:\nginx\apache-maven-3.6.1-bin\apache-maven-3.6.1\mvn_repo\org\jfree\jfreechart\1.5.3\jfreechart-1.5.3.jar;D:\nginx\apache-maven-3.6.1-bin\apache-maven-3.6.1\mvn_repo\org\aspectj\aspectjrt\1.9.7\aspectjrt-1.9.7.jar;D:\nginx\apache-maven-3.6.1-bin\apache-maven-3.6.1\mvn_repo\org\aspectj\aspectjweaver\1.9.7\aspectjweaver-1.9.7.jar;D:\nginx\apache-maven-3.6.1-bin\apache-maven-3.6.1\mvn_repo\com\google\code\gson\gson\2.10\gson-2.10.jar;D:\nginx\apache-maven-3.6.1-bin\apache-maven-3.6.1\mvn_repo\org\reflections\reflections\0.9.12\reflections-0.9.12.jar;D:\nginx\apache-maven-3.6.1-bin\apache-maven-3.6.1\mvn_repo\org\javassist\javassist\3.26.0-GA\javassist-3.26.0-GA.jar;D:\nginx\apache-maven-3.6.1-bin\apache-maven-3.6.1\mvn_repo\cn\hutool\hutool-all\5.8.8\hutool-all-5.8.8.jar;D:\nginx\apache-maven-3.6.1-bin\apache-maven-3.6.1\mvn_repo\org\springframework\boot\spring-boot-starter-web\2.7.3\spring-boot-starter-web-2.7.3.jar;D:\nginx\apache-maven-3.6.1-bin\apache-maven-3.6.1\mvn_repo\org\springframework\boot\spring-boot-starter-json\2.7.3\spring-boot-starter-json-2.7.3.jar;D:\nginx\apache-maven-3.6.1-bin\apache-maven-3.6.1\mvn_repo\com\fasterxml\jackson\core\jackson-databind\2.13.3\jackson-databind-2.13.3.jar;D:\nginx\apache-maven-3.6.1-bin\apache-maven-3.6.1\mvn_repo\com\fasterxml\jackson\core\jackson-annotations\2.13.3\jackson-annotations-2.13.3.jar;D:\nginx\apache-maven-3.6.1-bin\apache-maven-3.6.1\mvn_repo\com\fasterxml\jackson\core\jackson-core\2.13.3\jackson-core-2.13.3.jar;D:\nginx\apache-maven-3.6.1-bin\apache-maven-3.6.1\mvn_repo\com\fasterxml\jackson\datatype\jackson-datatype-jdk8\2.13.3\jackson-datatype-jdk8-2.13.3.jar;D:\nginx\apache-maven-3.6.1-bin\apache-maven-3.6.1\mvn_repo\com\fasterxml\jackson\datatype\jackson-datatype-jsr310\2.13.3\jackson-datatype-jsr310-2.13.3.jar;D:\nginx\apache-maven-3.6.1-bin\apache-maven-3.6.1\mvn_repo\com\fasterxml\jackson\module\jackson-module-parameter-names\2.13.3\jackson-module-parameter-names-2.13.3.jar;D:\nginx\apache-maven-3.6.1-bin\apache-maven-3.6.1\mvn_repo\org\springframework\boot\spring-boot-starter-tomcat\2.7.3\spring-boot-starter-tomcat-2.7.3.jar;D:\nginx\apache-maven-3.6.1-bin\apache-maven-3.6.1\mvn_repo\org\apache\tomcat\embed\tomcat-embed-core\9.0.65\tomcat-embed-core-9.0.65.jar;D:\nginx\apache-maven-3.6.1-bin\apache-maven-3.6.1\mvn_repo\org\apache\tomcat\embed\tomcat-embed-el\9.0.65\tomcat-embed-el-9.0.65.jar;D:\nginx\apache-maven-3.6.1-bin\apache-maven-3.6.1\mvn_repo\org\apache\tomcat\embed\tomcat-embed-websocket\9.0.65\tomcat-embed-websocket-9.0.65.jar;D:\nginx\apache-maven-3.6.1-bin\apache-maven-3.6.1\mvn_repo\org\springframework\spring-web\5.3.22\spring-web-5.3.22.jar;D:\nginx\apache-maven-3.6.1-bin\apache-maven-3.6.1\mvn_repo\org\springframework\spring-webmvc\5.3.22\spring-webmvc-5.3.22.jar;D:\nginx\apache-maven-3.6.1-bin\apache-maven-3.6.1\mvn_repo\org\springframework\spring-expression\5.3.22\spring-expression-5.3.22.jar;D:\nginx\apache-maven-3.6.1-bin\apache-maven-3.6.1\mvn_repo\org\springframework\boot\spring-boot-starter-test\2.7.3\spring-boot-starter-test-2.7.3.jar;D:\nginx\apache-maven-3.6.1-bin\apache-maven-3.6.1\mvn_repo\org\springframework\boot\spring-boot-test\2.7.3\spring-boot-test-2.7.3.jar;D:\nginx\apache-maven-3.6.1-bin\apache-maven-3.6.1\mvn_repo\org\springframework\boot\spring-boot-test-autoconfigure\2.7.3\spring-boot-test-autoconfigure-2.7.3.jar;D:\nginx\apache-maven-3.6.1-bin\apache-maven-3.6.1\mvn_repo\com\jayway\jsonpath\json-path\2.7.0\json-path-2.7.0.jar;D:\nginx\apache-maven-3.6.1-bin\apache-maven-3.6.1\mvn_repo\net\minidev\json-smart\2.4.8\json-smart-2.4.8.jar;D:\nginx\apache-maven-3.6.1-bin\apache-maven-3.6.1\mvn_repo\net\minidev\accessors-smart\2.4.8\accessors-smart-2.4.8.jar;D:\nginx\apache-maven-3.6.1-bin\apache-maven-3.6.1\mvn_repo\org\ow2\asm\asm\9.1\asm-9.1.jar;D:\nginx\apache-maven-3.6.1-bin\apache-maven-3.6.1\mvn_repo\org\slf4j\slf4j-api\1.7.36\slf4j-api-1.7.36.jar;D:\nginx\apache-maven-3.6.1-bin\apache-maven-3.6.1\mvn_repo\jakarta\xml\bind\jakarta.xml.bind-api\2.3.3\jakarta.xml.bind-api-2.3.3.jar;D:\nginx\apache-maven-3.6.1-bin\apache-maven-3.6.1\mvn_repo\jakarta\activation\jakarta.activation-api\1.2.2\jakarta.activation-api-1.2.2.jar;D:\nginx\apache-maven-3.6.1-bin\apache-maven-3.6.1\mvn_repo\org\assertj\assertj-core\3.22.0\assertj-core-3.22.0.jar;D:\nginx\apache-maven-3.6.1-bin\apache-maven-3.6.1\mvn_repo\org\hamcrest\hamcrest\2.2\hamcrest-2.2.jar;D:\nginx\apache-maven-3.6.1-bin\apache-maven-3.6.1\mvn_repo\org\junit\jupiter\junit-jupiter\5.8.2\junit-jupiter-5.8.2.jar;D:\nginx\apache-maven-3.6.1-bin\apache-maven-3.6.1\mvn_repo\org\junit\jupiter\junit-jupiter-api\5.8.2\junit-jupiter-api-5.8.2.jar;D:\nginx\apache-maven-3.6.1-bin\apache-maven-3.6.1\mvn_repo\org\opentest4j\opentest4j\1.2.0\opentest4j-1.2.0.jar;D:\nginx\apache-maven-3.6.1-bin\apache-maven-3.6.1\mvn_repo\org\junit\platform\junit-platform-commons\1.8.2\junit-platform-commons-1.8.2.jar;D:\nginx\apache-maven-3.6.1-bin\apache-maven-3.6.1\mvn_repo\org\apiguardian\apiguardian-api\1.1.2\apiguardian-api-1.1.2.jar;D:\nginx\apache-maven-3.6.1-bin\apache-maven-3.6.1\mvn_repo\org\junit\jupiter\junit-jupiter-params\5.8.2\junit-jupiter-params-5.8.2.jar;D:\nginx\apache-maven-3.6.1-bin\apache-maven-3.6.1\mvn_repo\org\junit\jupiter\junit-jupiter-engine\5.8.2\junit-jupiter-engine-5.8.2.jar;D:\nginx\apache-maven-3.6.1-bin\apache-maven-3.6.1\mvn_repo\org\junit\platform\junit-platform-engine\1.8.2\junit-platform-engine-1.8.2.jar;D:\nginx\apache-maven-3.6.1-bin\apache-maven-3.6.1\mvn_repo\org\mockito\mockito-core\4.5.1\mockito-core-4.5.1.jar;D:\nginx\apache-maven-3.6.1-bin\apache-maven-3.6.1\mvn_repo\net\bytebuddy\byte-buddy\1.12.13\byte-buddy-1.12.13.jar;D:\nginx\apache-maven-3.6.1-bin\apache-maven-3.6.1\mvn_repo\net\bytebuddy\byte-buddy-agent\1.12.13\byte-buddy-agent-1.12.13.jar;D:\nginx\apache-maven-3.6.1-bin\apache-maven-3.6.1\mvn_repo\org\objenesis\objenesis\3.2\objenesis-3.2.jar;D:\nginx\apache-maven-3.6.1-bin\apache-maven-3.6.1\mvn_repo\org\mockito\mockito-junit-jupiter\4.5.1\mockito-junit-jupiter-4.5.1.jar;D:\nginx\apache-maven-3.6.1-bin\apache-maven-3.6.1\mvn_repo\org\skyscreamer\jsonassert\1.5.1\jsonassert-1.5.1.jar;D:\nginx\apache-maven-3.6.1-bin\apache-maven-3.6.1\mvn_repo\com\vaadin\external\google\android-json\0.0.20131108.vaadin1\android-json-0.0.20131108.vaadin1.jar;D:\nginx\apache-maven-3.6.1-bin\apache-maven-3.6.1\mvn_repo\org\springframework\spring-core\5.3.22\spring-core-5.3.22.jar;D:\nginx\apache-maven-3.6.1-bin\apache-maven-3.6.1\mvn_repo\org\springframework\spring-test\5.3.22\spring-test-5.3.22.jar;D:\nginx\apache-maven-3.6.1-bin\apache-maven-3.6.1\mvn_repo\org\xmlunit\xmlunit-core\2.9.0\xmlunit-core-2.9.0.jar;D:\nginx\apache-maven-3.6.1-bin\apache-maven-3.6.1\mvn_repo\org\springframework\boot\spring-boot-starter-actuator\2.7.3\spring-boot-starter-actuator-2.7.3.jar;D:\nginx\apache-maven-3.6.1-bin\apache-maven-3.6.1\mvn_repo\org\springframework\boot\spring-boot-actuator-autoconfigure\2.7.3\spring-boot-actuator-autoconfigure-2.7.3.jar;D:\nginx\apache-maven-3.6.1-bin\apache-maven-3.6.1\mvn_repo\org\springframework\boot\spring-boot-actuator\2.7.3\spring-boot-actuator-2.7.3.jar;D:\nginx\apache-maven-3.6.1-bin\apache-maven-3.6.1\mvn_repo\io\micrometer\micrometer-core\1.9.3\micrometer-core-1.9.3.jar;D:\nginx\apache-maven-3.6.1-bin\apache-maven-3.6.1\mvn_repo\org\hdrhistogram\HdrHistogram\2.1.12\HdrHistogram-2.1.12.jar;D:\nginx\apache-maven-3.6.1-bin\apache-maven-3.6.1\mvn_repo\org\latencyutils\LatencyUtils\2.0.3\LatencyUtils-2.0.3.jar;D:\nginx\apache-maven-3.6.1-bin\apache-maven-3.6.1\mvn_repo\io\micrometer\micrometer-registry-prometheus\1.9.3\micrometer-registry-prometheus-1.9.3.jar;D:\nginx\apache-maven-3.6.1-bin\apache-maven-3.6.1\mvn_repo\io\prometheus\simpleclient_common\0.15.0\simpleclient_common-0.15.0.jar;D:\nginx\apache-maven-3.6.1-bin\apache-maven-3.6.1\mvn_repo\io\prometheus\simpleclient\0.15.0\simpleclient-0.15.0.jar;D:\nginx\apache-maven-3.6.1-bin\apache-maven-3.6.1\mvn_repo\io\prometheus\simpleclient_tracer_otel\0.15.0\simpleclient_tracer_otel-0.15.0.jar;D:\nginx\apache-maven-3.6.1-bin\apache-maven-3.6.1\mvn_repo\io\prometheus\simpleclient_tracer_common\0.15.0\simpleclient_tracer_common-0.15.0.jar;D:\nginx\apache-maven-3.6.1-bin\apache-maven-3.6.1\mvn_repo\io\prometheus\simpleclient_tracer_otel_agent\0.15.0\simpleclient_tracer_otel_agent-0.15.0.jar;D:\nginx\apache-maven-3.6.1-bin\apache-maven-3.6.1\mvn_repo\org\springframework\boot\spring-boot-starter-thymeleaf\2.7.3\spring-boot-starter-thymeleaf-2.7.3.jar;D:\nginx\apache-maven-3.6.1-bin\apache-maven-3.6.1\mvn_repo\org\thymeleaf\thymeleaf-spring5\3.0.15.RELEASE\thymeleaf-spring5-3.0.15.RELEASE.jar;D:\nginx\apache-maven-3.6.1-bin\apache-maven-3.6.1\mvn_repo\org\thymeleaf\thymeleaf\3.0.15.RELEASE\thymeleaf-3.0.15.RELEASE.jar;D:\nginx\apache-maven-3.6.1-bin\apache-maven-3.6.1\mvn_repo\org\attoparser\attoparser\2.0.5.RELEASE\attoparser-2.0.5.RELEASE.jar;D:\nginx\apache-maven-3.6.1-bin\apache-maven-3.6.1\mvn_repo\org\unbescape\unbescape\1.1.6.RELEASE\unbescape-1.1.6.RELEASE.jar;D:\nginx\apache-maven-3.6.1-bin\apache-maven-3.6.1\mvn_repo\org\thymeleaf\extras\thymeleaf-extras-java8time\3.0.4.RELEASE\thymeleaf-extras-java8time-3.0.4.RELEASE.jar;D:\nginx\apache-maven-3.6.1-bin\apache-maven-3.6.1\mvn_repo\org\springframework\boot\spring-boot-starter-aop\2.7.3\spring-boot-starter-aop-2.7.3.jar;D:\nginx\apache-maven-3.6.1-bin\apache-maven-3.6.1\mvn_repo\org\springframework\spring-aop\5.3.22\spring-aop-5.3.22.jar;D:\nginx\apache-maven-3.6.1-bin\apache-maven-3.6.1\mvn_repo\commons-io\commons-io\2.6\commons-io-2.6.jar;D:\nginx\apache-maven-3.6.1-bin\apache-maven-3.6.1\mvn_repo\com\alibaba\fastjson\1.2.62\fastjson-1.2.62.jar;D:\nginx\apache-maven-3.6.1-bin\apache-maven-3.6.1\mvn_repo\org\springframework\boot\spring-boot-starter\2.7.3\spring-boot-starter-2.7.3.jar;D:\nginx\apache-maven-3.6.1-bin\apache-maven-3.6.1\mvn_repo\org\springframework\boot\spring-boot\2.7.3\spring-boot-2.7.3.jar;D:\nginx\apache-maven-3.6.1-bin\apache-maven-3.6.1\mvn_repo\org\springframework\boot\spring-boot-autoconfigure\2.7.3\spring-boot-autoconfigure-2.7.3.jar;D:\nginx\apache-maven-3.6.1-bin\apache-maven-3.6.1\mvn_repo\org\springframework\boot\spring-boot-starter-logging\2.7.3\spring-boot-starter-logging-2.7.3.jar;D:\nginx\apache-maven-3.6.1-bin\apache-maven-3.6.1\mvn_repo\ch\qos\logback\logback-classic\1.2.11\logback-classic-1.2.11.jar;D:\nginx\apache-maven-3.6.1-bin\apache-maven-3.6.1\mvn_repo\ch\qos\logback\logback-core\1.2.11\logback-core-1.2.11.jar;D:\nginx\apache-maven-3.6.1-bin\apache-maven-3.6.1\mvn_repo\org\apache\logging\log4j\log4j-to-slf4j\2.17.2\log4j-to-slf4j-2.17.2.jar;D:\nginx\apache-maven-3.6.1-bin\apache-maven-3.6.1\mvn_repo\org\apache\logging\log4j\log4j-api\2.17.2\log4j-api-2.17.2.jar;D:\nginx\apache-maven-3.6.1-bin\apache-maven-3.6.1\mvn_repo\org\slf4j\jul-to-slf4j\1.7.36\jul-to-slf4j-1.7.36.jar;D:\nginx\apache-maven-3.6.1-bin\apache-maven-3.6.1\mvn_repo\jakarta\annotation\jakarta.annotation-api\1.3.5\jakarta.annotation-api-1.3.5.jar;D:\nginx\apache-maven-3.6.1-bin\apache-maven-3.6.1\mvn_repo\org\yaml\snakeyaml\1.30\snakeyaml-1.30.jar;D:\nginx\apache-maven-3.6.1-bin\apache-maven-3.6.1\mvn_repo\org\springframework\session\spring-session-core\2.7.0\spring-session-core-2.7.0.jar;D:\nginx\apache-maven-3.6.1-bin\apache-maven-3.6.1\mvn_repo\org\springframework\spring-jcl\5.3.22\spring-jcl-5.3.22.jar;D:\nginx\apache-maven-3.6.1-bin\apache-maven-3.6.1\mvn_repo\com\baomidou\mybatis-plus\3.5.5\mybatis-plus-3.5.5.jar;D:\nginx\apache-maven-3.6.1-bin\apache-maven-3.6.1\mvn_repo\com\baomidou\mybatis-plus-core\3.5.5\mybatis-plus-core-3.5.5.jar;D:\nginx\apache-maven-3.6.1-bin\apache-maven-3.6.1\mvn_repo\com\baomidou\mybatis-plus-annotation\3.5.5\mybatis-plus-annotation-3.5.5.jar;D:\nginx\apache-maven-3.6.1-bin\apache-maven-3.6.1\mvn_repo\com\baomidou\mybatis-plus-extension\3.5.5\mybatis-plus-extension-3.5.5.jar;D:\nginx\apache-maven-3.6.1-bin\apache-maven-3.6.1\mvn_repo\org\mybatis\mybatis\3.5.15\mybatis-3.5.15.jar;D:\nginx\apache-maven-3.6.1-bin\apache-maven-3.6.1\mvn_repo\com\github\jsqlparser\jsqlparser\4.6\jsqlparser-4.6.jar;"/>
    <property name="java.vm.vendor" value="Amazon.com Inc."/>
    <property name="sun.arch.data.model" value="64"/>
    <property name="user.variant" value=""/>
    <property name="java.vendor.url" value="https://aws.amazon.com/corretto/"/>
    <property name="user.timezone" value="Asia/Shanghai"/>
    <property name="os.name" value="Windows 11"/>
    <property name="java.vm.specification.version" value="21"/>
    <property name="sun.java.launcher" value="SUN_STANDARD"/>
    <property name="user.country" value="CN"/>
    <property name="sun.boot.library.path" value="C:\Users\Lenovo\.jdks\corretto-21.0.5\bin"/>
    <property name="sun.java.command" value="C:\Users\Lenovo\AppData\Local\Temp\surefire4479807675689790458\surefirebooter10205352027778030206.jar C:\Users\Lenovo\AppData\Local\Temp\surefire4479807675689790458 2024-11-11T22-33-34_153-jvmRun1 surefire9444967219553001000tmp surefire_01538037118057088875tmp"/>
    <property name="jdk.debug" value="release"/>
    <property name="surefire.test.class.path" value="C:\Users\Lenovo\Desktop\test\hibiscus\target\test-classes;C:\Users\Lenovo\Desktop\test\hibiscus\target\classes;D:\nginx\apache-maven-3.6.1-bin\apache-maven-3.6.1\mvn_repo\org\apache\commons\commons-lang3\3.12.0\commons-lang3-3.12.0.jar;D:\nginx\apache-maven-3.6.1-bin\apache-maven-3.6.1\mvn_repo\org\springframework\boot\spring-boot-starter-freemarker\2.7.3\spring-boot-starter-freemarker-2.7.3.jar;D:\nginx\apache-maven-3.6.1-bin\apache-maven-3.6.1\mvn_repo\org\freemarker\freemarker\2.3.31\freemarker-2.3.31.jar;D:\nginx\apache-maven-3.6.1-bin\apache-maven-3.6.1\mvn_repo\org\springframework\spring-context-support\5.3.22\spring-context-support-5.3.22.jar;D:\nginx\apache-maven-3.6.1-bin\apache-maven-3.6.1\mvn_repo\org\springframework\spring-beans\5.3.22\spring-beans-5.3.22.jar;D:\nginx\apache-maven-3.6.1-bin\apache-maven-3.6.1\mvn_repo\org\springframework\spring-context\5.3.22\spring-context-5.3.22.jar;D:\nginx\apache-maven-3.6.1-bin\apache-maven-3.6.1\mvn_repo\org\postgresql\postgresql\42.2.23\postgresql-42.2.23.jar;D:\nginx\apache-maven-3.6.1-bin\apache-maven-3.6.1\mvn_repo\org\checkerframework\checker-qual\3.5.0\checker-qual-3.5.0.jar;D:\nginx\apache-maven-3.6.1-bin\apache-maven-3.6.1\mvn_repo\mysql\mysql-connector-java\8.0.26\mysql-connector-java-8.0.26.jar;D:\nginx\apache-maven-3.6.1-bin\apache-maven-3.6.1\mvn_repo\com\oracle\database\jdbc\ojdbc8\19.8.0.0\ojdbc8-19.8.0.0.jar;D:\nginx\apache-maven-3.6.1-bin\apache-maven-3.6.1\mvn_repo\javax\xml\bind\jaxb-api\2.3.1\jaxb-api-2.3.1.jar;D:\nginx\apache-maven-3.6.1-bin\apache-maven-3.6.1\mvn_repo\javax\activation\javax.activation-api\1.2.0\javax.activation-api-1.2.0.jar;D:\nginx\apache-maven-3.6.1-bin\apache-maven-3.6.1\mvn_repo\com\sun\xml\bind\jaxb-core\2.3.0.1\jaxb-core-2.3.0.1.jar;D:\nginx\apache-maven-3.6.1-bin\apache-maven-3.6.1\mvn_repo\com\sun\xml\bind\jaxb-impl\2.3.1\jaxb-impl-2.3.1.jar;D:\nginx\apache-maven-3.6.1-bin\apache-maven-3.6.1\mvn_repo\org\jfree\jfreechart\1.5.3\jfreechart-1.5.3.jar;D:\nginx\apache-maven-3.6.1-bin\apache-maven-3.6.1\mvn_repo\org\aspectj\aspectjrt\1.9.7\aspectjrt-1.9.7.jar;D:\nginx\apache-maven-3.6.1-bin\apache-maven-3.6.1\mvn_repo\org\aspectj\aspectjweaver\1.9.7\aspectjweaver-1.9.7.jar;D:\nginx\apache-maven-3.6.1-bin\apache-maven-3.6.1\mvn_repo\com\google\code\gson\gson\2.10\gson-2.10.jar;D:\nginx\apache-maven-3.6.1-bin\apache-maven-3.6.1\mvn_repo\org\reflections\reflections\0.9.12\reflections-0.9.12.jar;D:\nginx\apache-maven-3.6.1-bin\apache-maven-3.6.1\mvn_repo\org\javassist\javassist\3.26.0-GA\javassist-3.26.0-GA.jar;D:\nginx\apache-maven-3.6.1-bin\apache-maven-3.6.1\mvn_repo\cn\hutool\hutool-all\5.8.8\hutool-all-5.8.8.jar;D:\nginx\apache-maven-3.6.1-bin\apache-maven-3.6.1\mvn_repo\org\springframework\boot\spring-boot-starter-web\2.7.3\spring-boot-starter-web-2.7.3.jar;D:\nginx\apache-maven-3.6.1-bin\apache-maven-3.6.1\mvn_repo\org\springframework\boot\spring-boot-starter-json\2.7.3\spring-boot-starter-json-2.7.3.jar;D:\nginx\apache-maven-3.6.1-bin\apache-maven-3.6.1\mvn_repo\com\fasterxml\jackson\core\jackson-databind\2.13.3\jackson-databind-2.13.3.jar;D:\nginx\apache-maven-3.6.1-bin\apache-maven-3.6.1\mvn_repo\com\fasterxml\jackson\core\jackson-annotations\2.13.3\jackson-annotations-2.13.3.jar;D:\nginx\apache-maven-3.6.1-bin\apache-maven-3.6.1\mvn_repo\com\fasterxml\jackson\core\jackson-core\2.13.3\jackson-core-2.13.3.jar;D:\nginx\apache-maven-3.6.1-bin\apache-maven-3.6.1\mvn_repo\com\fasterxml\jackson\datatype\jackson-datatype-jdk8\2.13.3\jackson-datatype-jdk8-2.13.3.jar;D:\nginx\apache-maven-3.6.1-bin\apache-maven-3.6.1\mvn_repo\com\fasterxml\jackson\datatype\jackson-datatype-jsr310\2.13.3\jackson-datatype-jsr310-2.13.3.jar;D:\nginx\apache-maven-3.6.1-bin\apache-maven-3.6.1\mvn_repo\com\fasterxml\jackson\module\jackson-module-parameter-names\2.13.3\jackson-module-parameter-names-2.13.3.jar;D:\nginx\apache-maven-3.6.1-bin\apache-maven-3.6.1\mvn_repo\org\springframework\boot\spring-boot-starter-tomcat\2.7.3\spring-boot-starter-tomcat-2.7.3.jar;D:\nginx\apache-maven-3.6.1-bin\apache-maven-3.6.1\mvn_repo\org\apache\tomcat\embed\tomcat-embed-core\9.0.65\tomcat-embed-core-9.0.65.jar;D:\nginx\apache-maven-3.6.1-bin\apache-maven-3.6.1\mvn_repo\org\apache\tomcat\embed\tomcat-embed-el\9.0.65\tomcat-embed-el-9.0.65.jar;D:\nginx\apache-maven-3.6.1-bin\apache-maven-3.6.1\mvn_repo\org\apache\tomcat\embed\tomcat-embed-websocket\9.0.65\tomcat-embed-websocket-9.0.65.jar;D:\nginx\apache-maven-3.6.1-bin\apache-maven-3.6.1\mvn_repo\org\springframework\spring-web\5.3.22\spring-web-5.3.22.jar;D:\nginx\apache-maven-3.6.1-bin\apache-maven-3.6.1\mvn_repo\org\springframework\spring-webmvc\5.3.22\spring-webmvc-5.3.22.jar;D:\nginx\apache-maven-3.6.1-bin\apache-maven-3.6.1\mvn_repo\org\springframework\spring-expression\5.3.22\spring-expression-5.3.22.jar;D:\nginx\apache-maven-3.6.1-bin\apache-maven-3.6.1\mvn_repo\org\springframework\boot\spring-boot-starter-test\2.7.3\spring-boot-starter-test-2.7.3.jar;D:\nginx\apache-maven-3.6.1-bin\apache-maven-3.6.1\mvn_repo\org\springframework\boot\spring-boot-test\2.7.3\spring-boot-test-2.7.3.jar;D:\nginx\apache-maven-3.6.1-bin\apache-maven-3.6.1\mvn_repo\org\springframework\boot\spring-boot-test-autoconfigure\2.7.3\spring-boot-test-autoconfigure-2.7.3.jar;D:\nginx\apache-maven-3.6.1-bin\apache-maven-3.6.1\mvn_repo\com\jayway\jsonpath\json-path\2.7.0\json-path-2.7.0.jar;D:\nginx\apache-maven-3.6.1-bin\apache-maven-3.6.1\mvn_repo\net\minidev\json-smart\2.4.8\json-smart-2.4.8.jar;D:\nginx\apache-maven-3.6.1-bin\apache-maven-3.6.1\mvn_repo\net\minidev\accessors-smart\2.4.8\accessors-smart-2.4.8.jar;D:\nginx\apache-maven-3.6.1-bin\apache-maven-3.6.1\mvn_repo\org\ow2\asm\asm\9.1\asm-9.1.jar;D:\nginx\apache-maven-3.6.1-bin\apache-maven-3.6.1\mvn_repo\org\slf4j\slf4j-api\1.7.36\slf4j-api-1.7.36.jar;D:\nginx\apache-maven-3.6.1-bin\apache-maven-3.6.1\mvn_repo\jakarta\xml\bind\jakarta.xml.bind-api\2.3.3\jakarta.xml.bind-api-2.3.3.jar;D:\nginx\apache-maven-3.6.1-bin\apache-maven-3.6.1\mvn_repo\jakarta\activation\jakarta.activation-api\1.2.2\jakarta.activation-api-1.2.2.jar;D:\nginx\apache-maven-3.6.1-bin\apache-maven-3.6.1\mvn_repo\org\assertj\assertj-core\3.22.0\assertj-core-3.22.0.jar;D:\nginx\apache-maven-3.6.1-bin\apache-maven-3.6.1\mvn_repo\org\hamcrest\hamcrest\2.2\hamcrest-2.2.jar;D:\nginx\apache-maven-3.6.1-bin\apache-maven-3.6.1\mvn_repo\org\junit\jupiter\junit-jupiter\5.8.2\junit-jupiter-5.8.2.jar;D:\nginx\apache-maven-3.6.1-bin\apache-maven-3.6.1\mvn_repo\org\junit\jupiter\junit-jupiter-api\5.8.2\junit-jupiter-api-5.8.2.jar;D:\nginx\apache-maven-3.6.1-bin\apache-maven-3.6.1\mvn_repo\org\opentest4j\opentest4j\1.2.0\opentest4j-1.2.0.jar;D:\nginx\apache-maven-3.6.1-bin\apache-maven-3.6.1\mvn_repo\org\junit\platform\junit-platform-commons\1.8.2\junit-platform-commons-1.8.2.jar;D:\nginx\apache-maven-3.6.1-bin\apache-maven-3.6.1\mvn_repo\org\apiguardian\apiguardian-api\1.1.2\apiguardian-api-1.1.2.jar;D:\nginx\apache-maven-3.6.1-bin\apache-maven-3.6.1\mvn_repo\org\junit\jupiter\junit-jupiter-params\5.8.2\junit-jupiter-params-5.8.2.jar;D:\nginx\apache-maven-3.6.1-bin\apache-maven-3.6.1\mvn_repo\org\junit\jupiter\junit-jupiter-engine\5.8.2\junit-jupiter-engine-5.8.2.jar;D:\nginx\apache-maven-3.6.1-bin\apache-maven-3.6.1\mvn_repo\org\junit\platform\junit-platform-engine\1.8.2\junit-platform-engine-1.8.2.jar;D:\nginx\apache-maven-3.6.1-bin\apache-maven-3.6.1\mvn_repo\org\mockito\mockito-core\4.5.1\mockito-core-4.5.1.jar;D:\nginx\apache-maven-3.6.1-bin\apache-maven-3.6.1\mvn_repo\net\bytebuddy\byte-buddy\1.12.13\byte-buddy-1.12.13.jar;D:\nginx\apache-maven-3.6.1-bin\apache-maven-3.6.1\mvn_repo\net\bytebuddy\byte-buddy-agent\1.12.13\byte-buddy-agent-1.12.13.jar;D:\nginx\apache-maven-3.6.1-bin\apache-maven-3.6.1\mvn_repo\org\objenesis\objenesis\3.2\objenesis-3.2.jar;D:\nginx\apache-maven-3.6.1-bin\apache-maven-3.6.1\mvn_repo\org\mockito\mockito-junit-jupiter\4.5.1\mockito-junit-jupiter-4.5.1.jar;D:\nginx\apache-maven-3.6.1-bin\apache-maven-3.6.1\mvn_repo\org\skyscreamer\jsonassert\1.5.1\jsonassert-1.5.1.jar;D:\nginx\apache-maven-3.6.1-bin\apache-maven-3.6.1\mvn_repo\com\vaadin\external\google\android-json\0.0.20131108.vaadin1\android-json-0.0.20131108.vaadin1.jar;D:\nginx\apache-maven-3.6.1-bin\apache-maven-3.6.1\mvn_repo\org\springframework\spring-core\5.3.22\spring-core-5.3.22.jar;D:\nginx\apache-maven-3.6.1-bin\apache-maven-3.6.1\mvn_repo\org\springframework\spring-test\5.3.22\spring-test-5.3.22.jar;D:\nginx\apache-maven-3.6.1-bin\apache-maven-3.6.1\mvn_repo\org\xmlunit\xmlunit-core\2.9.0\xmlunit-core-2.9.0.jar;D:\nginx\apache-maven-3.6.1-bin\apache-maven-3.6.1\mvn_repo\org\springframework\boot\spring-boot-starter-actuator\2.7.3\spring-boot-starter-actuator-2.7.3.jar;D:\nginx\apache-maven-3.6.1-bin\apache-maven-3.6.1\mvn_repo\org\springframework\boot\spring-boot-actuator-autoconfigure\2.7.3\spring-boot-actuator-autoconfigure-2.7.3.jar;D:\nginx\apache-maven-3.6.1-bin\apache-maven-3.6.1\mvn_repo\org\springframework\boot\spring-boot-actuator\2.7.3\spring-boot-actuator-2.7.3.jar;D:\nginx\apache-maven-3.6.1-bin\apache-maven-3.6.1\mvn_repo\io\micrometer\micrometer-core\1.9.3\micrometer-core-1.9.3.jar;D:\nginx\apache-maven-3.6.1-bin\apache-maven-3.6.1\mvn_repo\org\hdrhistogram\HdrHistogram\2.1.12\HdrHistogram-2.1.12.jar;D:\nginx\apache-maven-3.6.1-bin\apache-maven-3.6.1\mvn_repo\org\latencyutils\LatencyUtils\2.0.3\LatencyUtils-2.0.3.jar;D:\nginx\apache-maven-3.6.1-bin\apache-maven-3.6.1\mvn_repo\io\micrometer\micrometer-registry-prometheus\1.9.3\micrometer-registry-prometheus-1.9.3.jar;D:\nginx\apache-maven-3.6.1-bin\apache-maven-3.6.1\mvn_repo\io\prometheus\simpleclient_common\0.15.0\simpleclient_common-0.15.0.jar;D:\nginx\apache-maven-3.6.1-bin\apache-maven-3.6.1\mvn_repo\io\prometheus\simpleclient\0.15.0\simpleclient-0.15.0.jar;D:\nginx\apache-maven-3.6.1-bin\apache-maven-3.6.1\mvn_repo\io\prometheus\simpleclient_tracer_otel\0.15.0\simpleclient_tracer_otel-0.15.0.jar;D:\nginx\apache-maven-3.6.1-bin\apache-maven-3.6.1\mvn_repo\io\prometheus\simpleclient_tracer_common\0.15.0\simpleclient_tracer_common-0.15.0.jar;D:\nginx\apache-maven-3.6.1-bin\apache-maven-3.6.1\mvn_repo\io\prometheus\simpleclient_tracer_otel_agent\0.15.0\simpleclient_tracer_otel_agent-0.15.0.jar;D:\nginx\apache-maven-3.6.1-bin\apache-maven-3.6.1\mvn_repo\org\springframework\boot\spring-boot-starter-thymeleaf\2.7.3\spring-boot-starter-thymeleaf-2.7.3.jar;D:\nginx\apache-maven-3.6.1-bin\apache-maven-3.6.1\mvn_repo\org\thymeleaf\thymeleaf-spring5\3.0.15.RELEASE\thymeleaf-spring5-3.0.15.RELEASE.jar;D:\nginx\apache-maven-3.6.1-bin\apache-maven-3.6.1\mvn_repo\org\thymeleaf\thymeleaf\3.0.15.RELEASE\thymeleaf-3.0.15.RELEASE.jar;D:\nginx\apache-maven-3.6.1-bin\apache-maven-3.6.1\mvn_repo\org\attoparser\attoparser\2.0.5.RELEASE\attoparser-2.0.5.RELEASE.jar;D:\nginx\apache-maven-3.6.1-bin\apache-maven-3.6.1\mvn_repo\org\unbescape\unbescape\1.1.6.RELEASE\unbescape-1.1.6.RELEASE.jar;D:\nginx\apache-maven-3.6.1-bin\apache-maven-3.6.1\mvn_repo\org\thymeleaf\extras\thymeleaf-extras-java8time\3.0.4.RELEASE\thymeleaf-extras-java8time-3.0.4.RELEASE.jar;D:\nginx\apache-maven-3.6.1-bin\apache-maven-3.6.1\mvn_repo\org\springframework\boot\spring-boot-starter-aop\2.7.3\spring-boot-starter-aop-2.7.3.jar;D:\nginx\apache-maven-3.6.1-bin\apache-maven-3.6.1\mvn_repo\org\springframework\spring-aop\5.3.22\spring-aop-5.3.22.jar;D:\nginx\apache-maven-3.6.1-bin\apache-maven-3.6.1\mvn_repo\commons-io\commons-io\2.6\commons-io-2.6.jar;D:\nginx\apache-maven-3.6.1-bin\apache-maven-3.6.1\mvn_repo\com\alibaba\fastjson\1.2.62\fastjson-1.2.62.jar;D:\nginx\apache-maven-3.6.1-bin\apache-maven-3.6.1\mvn_repo\org\springframework\boot\spring-boot-starter\2.7.3\spring-boot-starter-2.7.3.jar;D:\nginx\apache-maven-3.6.1-bin\apache-maven-3.6.1\mvn_repo\org\springframework\boot\spring-boot\2.7.3\spring-boot-2.7.3.jar;D:\nginx\apache-maven-3.6.1-bin\apache-maven-3.6.1\mvn_repo\org\springframework\boot\spring-boot-autoconfigure\2.7.3\spring-boot-autoconfigure-2.7.3.jar;D:\nginx\apache-maven-3.6.1-bin\apache-maven-3.6.1\mvn_repo\org\springframework\boot\spring-boot-starter-logging\2.7.3\spring-boot-starter-logging-2.7.3.jar;D:\nginx\apache-maven-3.6.1-bin\apache-maven-3.6.1\mvn_repo\ch\qos\logback\logback-classic\1.2.11\logback-classic-1.2.11.jar;D:\nginx\apache-maven-3.6.1-bin\apache-maven-3.6.1\mvn_repo\ch\qos\logback\logback-core\1.2.11\logback-core-1.2.11.jar;D:\nginx\apache-maven-3.6.1-bin\apache-maven-3.6.1\mvn_repo\org\apache\logging\log4j\log4j-to-slf4j\2.17.2\log4j-to-slf4j-2.17.2.jar;D:\nginx\apache-maven-3.6.1-bin\apache-maven-3.6.1\mvn_repo\org\apache\logging\log4j\log4j-api\2.17.2\log4j-api-2.17.2.jar;D:\nginx\apache-maven-3.6.1-bin\apache-maven-3.6.1\mvn_repo\org\slf4j\jul-to-slf4j\1.7.36\jul-to-slf4j-1.7.36.jar;D:\nginx\apache-maven-3.6.1-bin\apache-maven-3.6.1\mvn_repo\jakarta\annotation\jakarta.annotation-api\1.3.5\jakarta.annotation-api-1.3.5.jar;D:\nginx\apache-maven-3.6.1-bin\apache-maven-3.6.1\mvn_repo\org\yaml\snakeyaml\1.30\snakeyaml-1.30.jar;D:\nginx\apache-maven-3.6.1-bin\apache-maven-3.6.1\mvn_repo\org\springframework\session\spring-session-core\2.7.0\spring-session-core-2.7.0.jar;D:\nginx\apache-maven-3.6.1-bin\apache-maven-3.6.1\mvn_repo\org\springframework\spring-jcl\5.3.22\spring-jcl-5.3.22.jar;D:\nginx\apache-maven-3.6.1-bin\apache-maven-3.6.1\mvn_repo\com\baomidou\mybatis-plus\3.5.5\mybatis-plus-3.5.5.jar;D:\nginx\apache-maven-3.6.1-bin\apache-maven-3.6.1\mvn_repo\com\baomidou\mybatis-plus-core\3.5.5\mybatis-plus-core-3.5.5.jar;D:\nginx\apache-maven-3.6.1-bin\apache-maven-3.6.1\mvn_repo\com\baomidou\mybatis-plus-annotation\3.5.5\mybatis-plus-annotation-3.5.5.jar;D:\nginx\apache-maven-3.6.1-bin\apache-maven-3.6.1\mvn_repo\com\baomidou\mybatis-plus-extension\3.5.5\mybatis-plus-extension-3.5.5.jar;D:\nginx\apache-maven-3.6.1-bin\apache-maven-3.6.1\mvn_repo\org\mybatis\mybatis\3.5.15\mybatis-3.5.15.jar;D:\nginx\apache-maven-3.6.1-bin\apache-maven-3.6.1\mvn_repo\com\github\jsqlparser\jsqlparser\4.6\jsqlparser-4.6.jar;"/>
    <property name="sun.cpu.endian" value="little"/>
    <property name="user.home" value="C:\Users\Lenovo"/>
    <property name="user.language" value="zh"/>
    <property name="java.specification.vendor" value="Oracle Corporation"/>
    <property name="java.version.date" value="2024-10-15"/>
    <property name="java.home" value="C:\Users\Lenovo\.jdks\corretto-21.0.5"/>
    <property name="file.separator" value="\"/>
    <property name="basedir" value="C:\Users\Lenovo\Desktop\test\hibiscus"/>
    <property name="java.vm.compressedOopsMode" value="Zero based"/>
    <property name="line.separator" value="&#10;"/>
    <property name="java.vm.specification.vendor" value="Oracle Corporation"/>
    <property name="java.specification.name" value="Java Platform API Specification"/>
    <property name="surefire.real.class.path" value="C:\Users\Lenovo\AppData\Local\Temp\surefire4479807675689790458\surefirebooter10205352027778030206.jar"/>
    <property name="user.script" value=""/>
    <property name="sun.management.compiler" value="HotSpot 64-Bit Tiered Compilers"/>
    <property name="java.runtime.version" value="21.0.5+11-LTS"/>
    <property name="user.name" value="Lenovo"/>
    <property name="stdout.encoding" value="GBK"/>
    <property name="path.separator" value=";"/>
    <property name="os.version" value="10.0"/>
    <property name="java.runtime.name" value="OpenJDK Runtime Environment"/>
    <property name="file.encoding" value="UTF-8"/>
    <property name="java.vm.name" value="OpenJDK 64-Bit Server VM"/>
    <property name="java.vendor.version" value="Corretto-21.0.5.11.1"/>
    <property name="localRepository" value="D:\nginx\apache-maven-3.6.1-bin\apache-maven-3.6.1\mvn_repo"/>
    <property name="java.vendor.url.bug" value="https://github.com/corretto/corretto-21/issues/"/>
    <property name="java.io.tmpdir" value="C:\Users\Lenovo\AppData\Local\Temp\"/>
    <property name="idea.version" value="2024.1.4"/>
    <property name="java.version" value="21.0.5"/>
    <property name="user.dir" value="C:\Users\Lenovo\Desktop\test\hibiscus"/>
    <property name="os.arch" value="amd64"/>
    <property name="java.vm.specification.name" value="Java Virtual Machine Specification"/>
    <property name="sun.os.patch.level" value=""/>
    <property name="native.encoding" value="GBK"/>
    <property name="java.library.path" value="C:\Users\Lenovo\.jdks\corretto-21.0.5\bin;C:\Windows\Sun\Java\bin;C:\Windows\system32;C:\Windows;C:\Program Files\Common Files\Oracle\Java\javapath;D:\configuration\gcc\bin;C:\Program Files (x86)\VMware\VMware Workstation\bin\;C:\Windows\system32;C:\Windows;C:\Windows\System32\Wbem;C:\Windows\System32\WindowsPowerShell\v1.0\;C:\Windows\System32\OpenSSH\;C:\Program Files (x86)\NVIDIA Corporation\PhysX\Common;C:\Program Files\NVIDIA Corporation\NVIDIA NvDLISR;C:\Program Files (x86)\Windows Kits\10\Windows Performance Toolkit\;C:\ProgramData\chocolatey\bin;C:\Program Files\Microsoft SQL Server\150\Tools\Binn\;E:\Git\Git\cmd;D:\Anaconda;D:\Anaconda\Scripts;D:\Anaconda\Library\bin;D:\node;D:\nginx\apache-maven-3.6.1-bin\apache-maven-3.6.1\bin;D:\nginx\mysql-8.0.31-winx64\mysql-8.0.31-winx64\bin;D:\nginx\Erlang OTP\bin;D:\GOFold\bin;D:\configuration\bin;D:\messagequeue\apache-zookeeper-3.6.4-bin\apache-zookeeper-3.6.4-bin\bin;D:\exe可执行安装包系列\gcc\bin;E:\微信小程序\微信web开发者工具\dll;D:\cxdownload\ngrok-v3-stable-windows-amd64;D:\configuration\Gpg4win\..\GnuPG\bin;D:\node\node_modules;D:\flutter_windows_3.24.4-stable\flutter\bin;D:\JavaJDK\bin;D:\nginx\apache-maven-3.6.1-bin\apache-maven-3.6.1\bin;C:\Users\Lenovo\AppData\Local\Microsoft\WindowsApps;C:\Program Files (x86)\Tencent\QQGameTempest\Hall.57986\;D:\pycharm\PyCharm 2023.3.2\bin;;C:\Users\Lenovo\AppData\Local\Programs\Microsoft VS Code\bin;C:\Program Files\nodejs\node_global;D:\JavaJDK\bin;D:\Idea\IntelliJ IDEA Community Edition 2023.2.5\bin;;D:\configuration\idea\IntelliJ IDEA 2024.1.4\bin;;D:\PyCharm Community Edition 2023.3.3\bin;;D:\Anaconda;D:\Anaconda\Scripts;D:\Anaconda\Library\bin;D:\node;D:\devecostudio-windows-3.1.0.501\DevEco Studio\bin;;D:\DataGrip 2022.3\bin;;C:\Users\Lenovo\go\bin;D:\GoLand\GoLand 2024.1.2\bin;;D:\configuration\WebStorm 2023.1\bin;;C:\Users\Lenovo\AppData\Local\GitHubDesktop\bin;C:\Users\Lenovo\AppData\Roaming\npm;E:\an\PhpStorm 2024.2.4\bin;;."/>
    <property name="java.vm.info" value="mixed mode, sharing"/>
    <property name="stderr.encoding" value="GBK"/>
    <property name="java.vendor" value="Amazon.com Inc."/>
    <property name="java.vm.version" value="21.0.5+11-LTS"/>
    <property name="sun.io.unicode.encoding" value="UnicodeLittle"/>
    <property name="maven.repo.local" value="D:\nginx\apache-maven-3.6.1-bin\apache-maven-3.6.1\mvn_repo"/>
    <property name="java.class.version" value="65.0"/>
  </properties>
  <testcase name="test" classname="hibiscus.cetide.app.CodeGenerateTest" time="0.202"/>
  <testcase name="pathTest" classname="hibiscus.cetide.app.CodeGenerateTest" time="0.002"/>
</testsuite>